<?xml version="1.0" encoding="UTF-8"?>
<!-- Generated by org.testng.reporters.JUnitReportReporter -->
<testsuite hostname="IN-B48C0F3" failures="0" tests="2" name="tests.WishlistTest" time="10.026" errors="0" timestamp="2024-06-21T13:51:35 IST" skipped="0">
  <testcase classname="tests.WishlistTest" name="bannerTest" time="6.505"/>
  <testcase classname="tests.WishlistTest" name="wishlistTest" time="3.521"/>
</testsuite> <!-- tests.WishlistTest -->
