<?xml version="1.0" encoding="UTF-8"?>
<!-- Generated by org.testng.reporters.JUnitReportReporter -->
<testsuite hostname="IN-B48C0F3" failures="0" tests="1" name="tests.CartTest" time="6.169" errors="0" timestamp="2024-06-21T13:51:35 IST" skipped="0">
  <testcase classname="tests.CartTest" name="cartTest" time="6.169"/>
</testsuite> <!-- tests.CartTest -->
