<?xml version="1.0" encoding="UTF-8"?>
<!-- Generated by org.testng.reporters.JUnitReportReporter -->
<testsuite hostname="IN-B48C0F3" failures="0" tests="2" name="tests.FilterTest" time="14.234" errors="0" timestamp="2024-06-21T14:52:08 IST" skipped="0">
  <testcase classname="tests.FilterTest" name="bannerTest" time="8.328"/>
  <testcase classname="tests.FilterTest" name="filterTest" time="5.906"/>
</testsuite> <!-- tests.FilterTest -->
