<?xml version="1.0" encoding="UTF-8"?>
<!-- Generated by org.testng.reporters.JUnitReportReporter -->
<testsuite hostname="IN-B48C0F3" failures="0" tests="1" name="tests.LoginTest" time="18.670" errors="0" timestamp="2024-06-21T13:51:35 IST" skipped="0">
  <testcase classname="tests.LoginTest" name="loginTest" time="18.670"/>
</testsuite> <!-- tests.LoginTest -->
