<?xml version="1.0" encoding="UTF-8"?>
<!-- Generated by org.testng.reporters.JUnitReportReporter -->
<testsuite hostname="IN-B48C0F3" failures="0" tests="2" name="tests.WishlistTest" time="11.223" errors="0" timestamp="2024-06-21T15:39:22 IST" skipped="0">
  <testcase classname="tests.WishlistTest" name="bannerTest" time="7.382"/>
  <testcase classname="tests.WishlistTest" name="wishlistTest" time="3.841"/>
</testsuite> <!-- tests.WishlistTest -->
