<?xml version="1.0" encoding="UTF-8"?>
<!-- Generated by org.testng.reporters.JUnitReportReporter -->
<testsuite hostname="IN-B48C0F3" failures="0" tests="1" name="tests.SearchTest" time="6.221" errors="0" timestamp="2024-06-21T15:39:22 IST" skipped="0">
  <testcase classname="tests.SearchTest" name="searchTest" time="6.221"/>
</testsuite> <!-- tests.SearchTest -->
