<?xml version="1.0" encoding="UTF-8"?>
<!-- Generated by org.testng.reporters.JUnitReportReporter -->
<testsuite hostname="IN-B48C0F3" failures="0" tests="2" name="tests.FilterTest" time="12.477" errors="0" timestamp="2024-06-21T15:39:22 IST" skipped="0">
  <testcase classname="tests.FilterTest" name="bannerTest" time="7.491"/>
  <testcase classname="tests.FilterTest" name="filterTest" time="4.986"/>
</testsuite> <!-- tests.FilterTest -->
